{"total": {"lines":{"total":4144,"covered":2948,"skipped":0,"pct":71.13},"statements":{"total":4144,"covered":2948,"skipped":0,"pct":71.13},"functions":{"total":100,"covered":88,"skipped":0,"pct":88},"branches":{"total":347,"covered":281,"skipped":0,"pct":80.97},"branchesTrue":{"total":0,"covered":0,"skipped":0,"pct":100}}
,"/workspace/packages/vscode-maproom/src/extension.ts": {"lines":{"total":458,"covered":0,"skipped":0,"pct":0},"functions":{"total":1,"covered":0,"skipped":0,"pct":0},"statements":{"total":458,"covered":0,"skipped":0,"pct":0},"branches":{"total":1,"covered":0,"skipped":0,"pct":0}}
,"/workspace/packages/vscode-maproom/src/config/secrets.ts": {"lines":{"total":221,"covered":213,"skipped":0,"pct":96.38},"functions":{"total":6,"covered":6,"skipped":0,"pct":100},"statements":{"total":221,"covered":213,"skipped":0,"pct":96.38},"branches":{"total":31,"covered":27,"skipped":0,"pct":87.09}}
,"/workspace/packages/vscode-maproom/src/docker/example-usage.ts": {"lines":{"total":182,"covered":0,"skipped":0,"pct":0},"functions":{"total":1,"covered":0,"skipped":0,"pct":0},"statements":{"total":182,"covered":0,"skipped":0,"pct":0},"branches":{"total":1,"covered":0,"skipped":0,"pct":0}}
,"/workspace/packages/vscode-maproom/src/docker/index.ts": {"lines":{"total":7,"covered":0,"skipped":0,"pct":0},"functions":{"total":1,"covered":0,"skipped":0,"pct":0},"statements":{"total":7,"covered":0,"skipped":0,"pct":0},"branches":{"total":1,"covered":0,"skipped":0,"pct":0}}
,"/workspace/packages/vscode-maproom/src/docker/manager.ts": {"lines":{"total":493,"covered":351,"skipped":0,"pct":71.19},"functions":{"total":14,"covered":12,"skipped":0,"pct":85.71},"statements":{"total":493,"covered":351,"skipped":0,"pct":71.19},"branches":{"total":33,"covered":21,"skipped":0,"pct":63.63}}
,"/workspace/packages/vscode-maproom/src/process/events.ts": {"lines":{"total":198,"covered":183,"skipped":0,"pct":92.42},"functions":{"total":2,"covered":1,"skipped":0,"pct":50},"statements":{"total":198,"covered":183,"skipped":0,"pct":92.42},"branches":{"total":23,"covered":15,"skipped":0,"pct":65.21}}
,"/workspace/packages/vscode-maproom/src/process/example-usage.ts": {"lines":{"total":196,"covered":0,"skipped":0,"pct":0},"functions":{"total":1,"covered":0,"skipped":0,"pct":0},"statements":{"total":196,"covered":0,"skipped":0,"pct":0},"branches":{"total":1,"covered":0,"skipped":0,"pct":0}}
,"/workspace/packages/vscode-maproom/src/process/index.ts": {"lines":{"total":29,"covered":0,"skipped":0,"pct":0},"functions":{"total":1,"covered":0,"skipped":0,"pct":0},"statements":{"total":29,"covered":0,"skipped":0,"pct":0},"branches":{"total":1,"covered":0,"skipped":0,"pct":0}}
,"/workspace/packages/vscode-maproom/src/process/orchestrator.ts": {"lines":{"total":659,"covered":557,"skipped":0,"pct":84.52},"functions":{"total":17,"covered":16,"skipped":0,"pct":94.11},"statements":{"total":659,"covered":557,"skipped":0,"pct":84.52},"branches":{"total":60,"covered":47,"skipped":0,"pct":78.33}}
,"/workspace/packages/vscode-maproom/src/process/parser.ts": {"lines":{"total":186,"covered":182,"skipped":0,"pct":97.84},"functions":{"total":7,"covered":6,"skipped":0,"pct":85.71},"statements":{"total":186,"covered":182,"skipped":0,"pct":97.84},"branches":{"total":15,"covered":14,"skipped":0,"pct":93.33}}
,"/workspace/packages/vscode-maproom/src/process/recovery.ts": {"lines":{"total":264,"covered":264,"skipped":0,"pct":100},"functions":{"total":11,"covered":11,"skipped":0,"pct":100},"statements":{"total":264,"covered":264,"skipped":0,"pct":100},"branches":{"total":29,"covered":28,"skipped":0,"pct":96.55}}
,"/workspace/packages/vscode-maproom/src/process/scan.ts": {"lines":{"total":341,"covered":330,"skipped":0,"pct":96.77},"functions":{"total":7,"covered":7,"skipped":0,"pct":100},"statements":{"total":341,"covered":330,"skipped":0,"pct":96.77},"branches":{"total":38,"covered":28,"skipped":0,"pct":73.68}}
,"/workspace/packages/vscode-maproom/src/ui/index.ts": {"lines":{"total":14,"covered":0,"skipped":0,"pct":0},"functions":{"total":1,"covered":0,"skipped":0,"pct":0},"statements":{"total":14,"covered":0,"skipped":0,"pct":0},"branches":{"total":1,"covered":0,"skipped":0,"pct":0}}
,"/workspace/packages/vscode-maproom/src/ui/setupWizard.ts": {"lines":{"total":284,"covered":261,"skipped":0,"pct":91.9},"functions":{"total":7,"covered":6,"skipped":0,"pct":85.71},"statements":{"total":284,"covered":261,"skipped":0,"pct":91.9},"branches":{"total":28,"covered":22,"skipped":0,"pct":78.57}}
,"/workspace/packages/vscode-maproom/src/ui/statusBar.ts": {"lines":{"total":400,"covered":395,"skipped":0,"pct":98.75},"functions":{"total":14,"covered":14,"skipped":0,"pct":100},"statements":{"total":400,"covered":395,"skipped":0,"pct":98.75},"branches":{"total":45,"covered":40,"skipped":0,"pct":88.88}}
,"/workspace/packages/vscode-maproom/src/utils/platform.ts": {"lines":{"total":146,"covered":146,"skipped":0,"pct":100},"functions":{"total":8,"covered":8,"skipped":0,"pct":100},"statements":{"total":146,"covered":146,"skipped":0,"pct":100},"branches":{"total":25,"covered":25,"skipped":0,"pct":100}}
,"/workspace/packages/vscode-maproom/src/utils/time.ts": {"lines":{"total":66,"covered":66,"skipped":0,"pct":100},"functions":{"total":1,"covered":1,"skipped":0,"pct":100},"statements":{"total":66,"covered":66,"skipped":0,"pct":100},"branches":{"total":14,"covered":14,"skipped":0,"pct":100}}
}
